# JRE version: OpenJDK Runtime Environment (11.0.2+9) (build 11.0.2+9)
# Java VM: OpenJDK 64-Bit Server VM (11.0.2+9, mixed mode, tiered, compressed oops, g1 gc, windows-amd64)
Heap:
 garbage-first heap   total 160768K, used 139966K [0x0000000740000000, 0x0000000800000000)
  region size 1024K, 50 young (51200K), 1 survivors (1024K)
 Metaspace       used 94955K, capacity 97698K, committed 97800K, reserved 1132544K
  class space    used 13056K, capacity 14322K, committed 14336K, reserved 1048576K
GC Heap History (10 events):
Event: 201.706 GC heap before
{Heap before GC invocations=128 (full 16):
 garbage-first heap   total 160768K, used 150799K [0x0000000740000000, 0x0000000800000000)
  region size 1024K, 60 young (61440K), 1 survivors (1024K)
 Metaspace       used 94688K, capacity 97442K, committed 97544K, reserved 1132544K
  class space    used 13056K, capacity 14322K, committed 14336K, reserved 1048576K
}
Event: 201.707 GC heap after
{Heap after GC invocations=129 (full 16):
 garbage-first heap   total 160768K, used 91183K [0x0000000740000000, 0x0000000800000000)
  region size 1024K, 1 young (1024K), 1 survivors (1024K)
 Metaspace       used 94688K, capacity 97442K, committed 97544K, reserved 1132544K
  class space    used 13056K, capacity 14322K, committed 14336K, reserved 1048576K
}
Event: 203.756 GC heap before
{Heap before GC invocations=129 (full 16):
 garbage-first heap   total 160768K, used 151599K [0x0000000740000000, 0x0000000800000000)
  region size 1024K, 60 young (61440K), 1 survivors (1024K)
 Metaspace       used 94704K, capacity 97506K, committed 97544K, reserved 1132544K
  class space    used 13056K, capacity 14322K, committed 14336K, reserved 1048576K
}
Event: 203.757 GC heap after
{Heap after GC invocations=130 (full 16):
 garbage-first heap   total 160768K, used 90783K [0x0000000740000000, 0x0000000800000000)
  region size 1024K, 1 young (1024K), 1 survivors (1024K)
 Metaspace       used 94704K, capacity 97506K, committed 97544K, reserved 1132544K
  class space    used 13056K, capacity 14322K, committed 14336K, reserved 1048576K
}
Event: 218.841 GC heap before
{Heap before GC invocations=131 (full 16):
 garbage-first heap   total 160768K, used 151199K [0x0000000740000000, 0x0000000800000000)
  region size 1024K, 60 young (61440K), 1 survivors (1024K)
 Metaspace       used 94761K, capacity 97570K, committed 97800K, reserved 1132544K
  class space    used 13056K, capacity 14322K, committed 14336K, reserved 1048576K
}
Event: 218.842 GC heap after
{Heap after GC invocations=132 (full 16):
 garbage-first heap   total 160768K, used 90729K [0x0000000740000000, 0x0000000800000000)
  region size 1024K, 1 young (1024K), 1 survivors (1024K)
 Metaspace       used 94761K, capacity 97570K, committed 97800K, reserved 1132544K
  class space    used 13056K, capacity 14322K, committed 14336K, reserved 1048576K
}
Event: 220.502 GC heap before
{Heap before GC invocations=132 (full 16):
 garbage-first heap   total 160768K, used 151145K [0x0000000740000000, 0x0000000800000000)
  region size 1024K, 60 young (61440K), 1 survivors (1024K)
 Metaspace       used 94806K, capacity 97570K, committed 97800K, reserved 1132544K
  class space    used 13056K, capacity 14322K, committed 14336K, reserved 1048576K
}
Event: 220.504 GC heap after
{Heap after GC invocations=133 (full 16):
 garbage-first heap   total 160768K, used 90714K [0x0000000740000000, 0x0000000800000000)
  region size 1024K, 1 young (1024K), 1 survivors (1024K)
 Metaspace       used 94806K, capacity 97570K, committed 97800K, reserved 1132544K
  class space    used 13056K, capacity 14322K, committed 14336K, reserved 1048576K
}
Event: 221.727 GC heap before
{Heap before GC invocations=134 (full 16):
 garbage-first heap   total 160768K, used 151130K [0x0000000740000000, 0x0000000800000000)
  region size 1024K, 60 young (61440K), 1 survivors (1024K)
 Metaspace       used 94837K, capacity 97634K, committed 97800K, reserved 1132544K
  class space    used 13056K, capacity 14322K, committed 14336K, reserved 1048576K
}
Event: 221.728 GC heap after
{Heap after GC invocations=135 (full 16):
 garbage-first heap   total 160768K, used 90814K [0x0000000740000000, 0x0000000800000000)
  region size 1024K, 1 young (1024K), 1 survivors (1024K)
 Metaspace       used 94837K, capacity 97634K, committed 97800K, reserved 1132544K
  class space    used 13056K, capacity 14322K, committed 14336K, reserved 1048576K
}

